This file contains any messages produced by compilers while
running configure, to aid debugging if configure makes a mistake.

It was created by pnl configure 0.2.23, which was
generated by GNU Autoconf 2.69.  Invocation command line was

  $ ./configure --no-create --no-recursion

## --------- ##
## Platform. ##
## --------- ##

hostname = quax-E6410
uname -m = x86_64
uname -r = 4.8.0-37-generic
uname -s = Linux
uname -v = #39-Ubuntu SMP Thu Jan 26 02:27:07 UTC 2017

/usr/bin/uname -p = unknown
/bin/uname -X     = unknown

/bin/arch              = unknown
/usr/bin/arch -k       = unknown
/usr/convex/getsysinfo = unknown
/usr/bin/hostinfo      = unknown
/bin/machine           = unknown
/usr/bin/oslevel       = unknown
/bin/universe          = unknown

PATH: /home/quax/anaconda3_6/bin
PATH: /home/quax/anaconda3/bin
PATH: /home/quax/anaconda3_6/bin
PATH: /home/quax/anaconda3/bin
PATH: /home/quax/bin
PATH: /home/quax/.local/bin
PATH: /usr/local/sbin
PATH: /usr/local/bin
PATH: /usr/sbin
PATH: /usr/bin
PATH: /sbin
PATH: /bin
PATH: /usr/games
PATH: /usr/local/games
PATH: /snap/bin
PATH: /usr/lib/jvm/java-8-oracle/bin
PATH: /usr/lib/jvm/java-8-oracle/db/bin
PATH: /usr/lib/jvm/java-8-oracle/jre/bin


## ----------- ##
## Core tests. ##
## ----------- ##

configure:2329: checking build system type
configure:2343: result: x86_64-unknown-linux-gnu
configure:2363: checking host system type
configure:2376: result: x86_64-unknown-linux-gnu
configure:2396: checking target system type
configure:2409: result: x86_64-unknown-linux-gnu
configure:2452: checking for a BSD-compatible install
configure:2520: result: /usr/bin/install -c
configure:2531: checking whether build environment is sane
configure:2586: result: yes
configure:2624: WARNING: 'missing' script is too old or missing
configure:2737: checking for a thread-safe mkdir -p
configure:2776: result: /bin/mkdir -p
configure:2783: checking for gawk
configure:2813: result: no
configure:2783: checking for mawk
configure:2799: found /usr/bin/mawk
configure:2810: result: mawk
configure:2821: checking whether make sets $(MAKE)
configure:2843: result: yes
configure:2872: checking whether make supports nested variables
configure:2889: result: yes
configure:3016: checking whether to enable maintainer-specific portions of Makefiles
configure:3025: result: no
configure:3101: checking for gcc
configure:3117: found /usr/bin/gcc
configure:3128: result: gcc
configure:3357: checking for C compiler version
configure:3366: gcc --version >&5
gcc (Ubuntu 6.2.0-5ubuntu12) 6.2.0 20161005
Copyright (C) 2016 Free Software Foundation, Inc.
This is free software; see the source for copying conditions.  There is NO
warranty; not even for MERCHANTABILITY or FITNESS FOR A PARTICULAR PURPOSE.

configure:3377: $? = 0
configure:3366: gcc -v >&5
Using built-in specs.
COLLECT_GCC=gcc
COLLECT_LTO_WRAPPER=/usr/lib/gcc/x86_64-linux-gnu/6/lto-wrapper
Target: x86_64-linux-gnu
Configured with: ../src/configure -v --with-pkgversion='Ubuntu 6.2.0-5ubuntu12' --with-bugurl=file:///usr/share/doc/gcc-6/README.Bugs --enable-languages=c,ada,c++,java,go,d,fortran,objc,obj-c++ --prefix=/usr --program-suffix=-6 --program-prefix=x86_64-linux-gnu- --enable-shared --enable-linker-build-id --libexecdir=/usr/lib --without-included-gettext --enable-threads=posix --libdir=/usr/lib --enable-nls --with-sysroot=/ --enable-clocale=gnu --enable-libstdcxx-debug --enable-libstdcxx-time=yes --with-default-libstdcxx-abi=new --enable-gnu-unique-object --disable-vtable-verify --enable-libmpx --enable-plugin --enable-default-pie --with-system-zlib --disable-browser-plugin --enable-java-awt=gtk --enable-gtk-cairo --with-java-home=/usr/lib/jvm/java-1.5.0-gcj-6-amd64/jre --enable-java-home --with-jvm-root-dir=/usr/lib/jvm/java-1.5.0-gcj-6-amd64 --with-jvm-jar-dir=/usr/lib/jvm-exports/java-1.5.0-gcj-6-amd64 --with-arch-directory=amd64 --with-ecj-jar=/usr/share/java/eclipse-ecj.jar --enable-objc-gc --enable-multiarch --disable-werror --with-arch-32=i686 --with-abi=m64 --with-multilib-list=m32,m64,mx32 --enable-multilib --with-tune=generic --enable-checking=release --build=x86_64-linux-gnu --host=x86_64-linux-gnu --target=x86_64-linux-gnu
Thread model: posix
gcc version 6.2.0 20161005 (Ubuntu 6.2.0-5ubuntu12) 
configure:3377: $? = 0
configure:3366: gcc -V >&5
gcc: error: unrecognized command line option '-V'
gcc: fatal error: no input files
compilation terminated.
configure:3377: $? = 1
configure:3366: gcc -qversion >&5
gcc: error: unrecognized command line option '-qversion'; did you mean '--version'?
gcc: fatal error: no input files
compilation terminated.
configure:3377: $? = 1
configure:3397: checking whether the C compiler works
configure:3419: gcc  -g -fpermissive   -g -fpermissive   conftest.c  >&5
cc1: warning: command line option '-fpermissive' is valid for C++/ObjC++ but not for C
configure:3423: $? = 0
configure:3471: result: yes
configure:3474: checking for C compiler default output file name
configure:3476: result: a.out
configure:3482: checking for suffix of executables
configure:3489: gcc -o conftest  -g -fpermissive   -g -fpermissive   conftest.c  >&5
cc1: warning: command line option '-fpermissive' is valid for C++/ObjC++ but not for C
configure:3493: $? = 0
configure:3515: result: 
configure:3537: checking whether we are cross compiling
configure:3545: gcc -o conftest  -g -fpermissive   -g -fpermissive   conftest.c  >&5
cc1: warning: command line option '-fpermissive' is valid for C++/ObjC++ but not for C
configure:3549: $? = 0
configure:3556: ./conftest
configure:3560: $? = 0
configure:3575: result: no
configure:3580: checking for suffix of object files
configure:3602: gcc -c  -g -fpermissive   -g -fpermissive  conftest.c >&5
cc1: warning: command line option '-fpermissive' is valid for C++/ObjC++ but not for C
configure:3606: $? = 0
configure:3627: result: o
configure:3631: checking whether we are using the GNU C compiler
configure:3650: gcc -c  -g -fpermissive   -g -fpermissive  conftest.c >&5
cc1: warning: command line option '-fpermissive' is valid for C++/ObjC++ but not for C
configure:3650: $? = 0
configure:3659: result: yes
configure:3668: checking whether gcc accepts -g
configure:3688: gcc -c -g  -g -fpermissive  conftest.c >&5
cc1: warning: command line option '-fpermissive' is valid for C++/ObjC++ but not for C
configure:3688: $? = 0
configure: failed program was:
| /* confdefs.h */
| #define PACKAGE_NAME "pnl"
| #define PACKAGE_TARNAME "pnl"
| #define PACKAGE_VERSION "0.2.23"
| #define PACKAGE_STRING "pnl 0.2.23"
| #define PACKAGE_BUGREPORT ""
| #define PACKAGE_URL ""
| #define PACKAGE "pnl"
| #define VERSION "0.2.23"
| /* end confdefs.h.  */
| 
| int
| main ()
| {
| 
|   ;
|   return 0;
| }
configure:3703: gcc -c   -g -fpermissive  conftest.c >&5
cc1: warning: command line option '-fpermissive' is valid for C++/ObjC++ but not for C
configure:3703: $? = 0
configure: failed program was:
| /* confdefs.h */
| #define PACKAGE_NAME "pnl"
| #define PACKAGE_TARNAME "pnl"
| #define PACKAGE_VERSION "0.2.23"
| #define PACKAGE_STRING "pnl 0.2.23"
| #define PACKAGE_BUGREPORT ""
| #define PACKAGE_URL ""
| #define PACKAGE "pnl"
| #define VERSION "0.2.23"
| /* end confdefs.h.  */
| 
| int
| main ()
| {
| 
|   ;
|   return 0;
| }
configure:3719: gcc -c -g  -g -fpermissive  conftest.c >&5
cc1: warning: command line option '-fpermissive' is valid for C++/ObjC++ but not for C
configure:3719: $? = 0
configure:3729: result: yes
configure:3746: checking for gcc option to accept ISO C89
configure:3809: gcc  -c  -g -fpermissive   -g -fpermissive  conftest.c >&5
cc1: warning: command line option '-fpermissive' is valid for C++/ObjC++ but not for C
configure:3809: $? = 0
configure:3822: result: none needed
configure:3847: checking whether gcc understands -c and -o together
configure:3869: gcc -c conftest.c -o conftest2.o
configure:3872: $? = 0
configure:3869: gcc -c conftest.c -o conftest2.o
configure:3872: $? = 0
configure:3884: result: yes
configure:3912: checking for style of include used by make
configure:3940: result: GNU
configure:3966: checking dependency style of gcc
configure:4077: result: gcc3
configure:4150: checking for g++
configure:4166: found /usr/bin/g++
configure:4177: result: g++
configure:4204: checking for C++ compiler version
configure:4213: g++ --version >&5
g++ (Ubuntu 6.2.0-5ubuntu12) 6.2.0 20161005
Copyright (C) 2016 Free Software Foundation, Inc.
This is free software; see the source for copying conditions.  There is NO
warranty; not even for MERCHANTABILITY or FITNESS FOR A PARTICULAR PURPOSE.

configure:4224: $? = 0
configure:4213: g++ -v >&5
Using built-in specs.
COLLECT_GCC=g++
COLLECT_LTO_WRAPPER=/usr/lib/gcc/x86_64-linux-gnu/6/lto-wrapper
Target: x86_64-linux-gnu
Configured with: ../src/configure -v --with-pkgversion='Ubuntu 6.2.0-5ubuntu12' --with-bugurl=file:///usr/share/doc/gcc-6/README.Bugs --enable-languages=c,ada,c++,java,go,d,fortran,objc,obj-c++ --prefix=/usr --program-suffix=-6 --program-prefix=x86_64-linux-gnu- --enable-shared --enable-linker-build-id --libexecdir=/usr/lib --without-included-gettext --enable-threads=posix --libdir=/usr/lib --enable-nls --with-sysroot=/ --enable-clocale=gnu --enable-libstdcxx-debug --enable-libstdcxx-time=yes --with-default-libstdcxx-abi=new --enable-gnu-unique-object --disable-vtable-verify --enable-libmpx --enable-plugin --enable-default-pie --with-system-zlib --disable-browser-plugin --enable-java-awt=gtk --enable-gtk-cairo --with-java-home=/usr/lib/jvm/java-1.5.0-gcj-6-amd64/jre --enable-java-home --with-jvm-root-dir=/usr/lib/jvm/java-1.5.0-gcj-6-amd64 --with-jvm-jar-dir=/usr/lib/jvm-exports/java-1.5.0-gcj-6-amd64 --with-arch-directory=amd64 --with-ecj-jar=/usr/share/java/eclipse-ecj.jar --enable-objc-gc --enable-multiarch --disable-werror --with-arch-32=i686 --with-abi=m64 --with-multilib-list=m32,m64,mx32 --enable-multilib --with-tune=generic --enable-checking=release --build=x86_64-linux-gnu --host=x86_64-linux-gnu --target=x86_64-linux-gnu
Thread model: posix
gcc version 6.2.0 20161005 (Ubuntu 6.2.0-5ubuntu12) 
configure:4224: $? = 0
configure:4213: g++ -V >&5
g++: error: unrecognized command line option '-V'
g++: fatal error: no input files
compilation terminated.
configure:4224: $? = 1
configure:4213: g++ -qversion >&5
g++: error: unrecognized command line option '-qversion'; did you mean '--version'?
g++: fatal error: no input files
compilation terminated.
configure:4224: $? = 1
configure:4228: checking whether we are using the GNU C++ compiler
configure:4247: g++ -c -g -fpermissive   -g -fpermissive  conftest.cpp >&5
configure:4247: $? = 0
configure:4256: result: yes
configure:4265: checking whether g++ accepts -g
configure:4285: g++ -c -g  -g -fpermissive  conftest.cpp >&5
configure:4285: $? = 0
configure:4326: result: yes
configure:4351: checking dependency style of g++
configure:4462: result: gcc3
configure:4523: checking how to print strings
configure:4550: result: printf
configure:4571: checking for a sed that does not truncate output
configure:4635: result: /bin/sed
configure:4653: checking for grep that handles long lines and -e
configure:4711: result: /bin/grep
configure:4716: checking for egrep
configure:4778: result: /bin/grep -E
configure:4783: checking for fgrep
configure:4845: result: /bin/grep -F
configure:4880: checking for ld used by gcc
configure:4947: result: /usr/bin/ld
configure:4954: checking if the linker (/usr/bin/ld) is GNU ld
configure:4969: result: yes
configure:4981: checking for BSD- or MS-compatible name lister (nm)
configure:5035: result: /usr/bin/nm -B
configure:5165: checking the name lister (/usr/bin/nm -B) interface
configure:5172: gcc -c  -g -fpermissive   -g -fpermissive  conftest.c >&5
cc1: warning: command line option '-fpermissive' is valid for C++/ObjC++ but not for C
configure:5175: /usr/bin/nm -B "conftest.o"
configure:5178: output
0000000000000000 B some_variable
configure:5185: result: BSD nm
configure:5188: checking whether ln -s works
configure:5192: result: yes
configure:5200: checking the maximum length of command line arguments
configure:5331: result: 1572864
configure:5379: checking how to convert x86_64-unknown-linux-gnu file names to x86_64-unknown-linux-gnu format
configure:5419: result: func_convert_file_noop
configure:5426: checking how to convert x86_64-unknown-linux-gnu file names to toolchain format
configure:5446: result: func_convert_file_noop
configure:5453: checking for /usr/bin/ld option to reload object files
configure:5460: result: -r
configure:5534: checking for objdump
configure:5550: found /usr/bin/objdump
configure:5561: result: objdump
configure:5593: checking how to recognize dependent libraries
configure:5793: result: pass_all
configure:5878: checking for dlltool
configure:5908: result: no
configure:5938: checking how to associate runtime and link libraries
configure:5965: result: printf %s\n
configure:6026: checking for ar
configure:6042: found /usr/bin/ar
configure:6053: result: ar
configure:6090: checking for archiver @FILE support
configure:6107: gcc -c  -g -fpermissive   -g -fpermissive  conftest.c >&5
cc1: warning: command line option '-fpermissive' is valid for C++/ObjC++ but not for C
configure:6107: $? = 0
configure:6110: ar cru libconftest.a @conftest.lst >&5
ar: `u' modifier ignored since `D' is the default (see `U')
configure:6113: $? = 0
configure:6118: ar cru libconftest.a @conftest.lst >&5
ar: `u' modifier ignored since `D' is the default (see `U')
ar: conftest.o: No such file or directory
configure:6121: $? = 1
configure:6133: result: @
configure:6191: checking for strip
configure:6207: found /usr/bin/strip
configure:6218: result: strip
configure:6290: checking for ranlib
configure:6306: found /usr/bin/ranlib
configure:6317: result: ranlib
configure:6419: checking command to parse /usr/bin/nm -B output from gcc object
configure:6572: gcc -c  -g -fpermissive   -g -fpermissive  conftest.c >&5
cc1: warning: command line option '-fpermissive' is valid for C++/ObjC++ but not for C
configure:6575: $? = 0
configure:6579: /usr/bin/nm -B conftest.o \| sed -n -e 's/^.*[ ]\([ABCDGIRSTW][ABCDGIRSTW]*\)[ ][ ]*\([_A-Za-z][_A-Za-z0-9]*\)$/\1 \2 \2/p' | sed '/ __gnu_lto/d' \> conftest.nm
configure:6582: $? = 0
configure:6648: gcc -o conftest  -g -fpermissive   -g -fpermissive   conftest.c conftstm.o >&5
cc1: warning: command line option '-fpermissive' is valid for C++/ObjC++ but not for C
configure:6651: $? = 0
configure:6689: result: ok
configure:6736: checking for sysroot
configure:6766: result: no
configure:6773: checking for a working dd
configure:6811: result: /bin/dd
configure:6815: checking how to truncate binary pipes
configure:6830: result: /bin/dd bs=4096 count=1
configure:6966: gcc -c  -g -fpermissive   -g -fpermissive  conftest.c >&5
cc1: warning: command line option '-fpermissive' is valid for C++/ObjC++ but not for C
configure:6969: $? = 0
configure:7159: checking for mt
configure:7175: found /bin/mt
configure:7186: result: mt
configure:7209: checking if mt is a manifest tool
configure:7215: mt '-?'
configure:7223: result: no
configure:7900: checking how to run the C preprocessor
configure:7931: gcc -E  -g -fpermissive  conftest.c
cc1: warning: command line option '-fpermissive' is valid for C++/ObjC++ but not for C
configure:7931: $? = 0
configure:7945: gcc -E  -g -fpermissive  conftest.c
cc1: warning: command line option '-fpermissive' is valid for C++/ObjC++ but not for C
conftest.c:11:28: fatal error: ac_nonexistent.h: No such file or directory
 #include <ac_nonexistent.h>
                            ^
compilation terminated.
configure:7945: $? = 1
configure: failed program was:
| /* confdefs.h */
| #define PACKAGE_NAME "pnl"
| #define PACKAGE_TARNAME "pnl"
| #define PACKAGE_VERSION "0.2.23"
| #define PACKAGE_STRING "pnl 0.2.23"
| #define PACKAGE_BUGREPORT ""
| #define PACKAGE_URL ""
| #define PACKAGE "pnl"
| #define VERSION "0.2.23"
| /* end confdefs.h.  */
| #include <ac_nonexistent.h>
configure:7970: result: gcc -E
configure:7990: gcc -E  -g -fpermissive  conftest.c
cc1: warning: command line option '-fpermissive' is valid for C++/ObjC++ but not for C
configure:7990: $? = 0
configure:8004: gcc -E  -g -fpermissive  conftest.c
cc1: warning: command line option '-fpermissive' is valid for C++/ObjC++ but not for C
conftest.c:11:28: fatal error: ac_nonexistent.h: No such file or directory
 #include <ac_nonexistent.h>
                            ^
compilation terminated.
configure:8004: $? = 1
configure: failed program was:
| /* confdefs.h */
| #define PACKAGE_NAME "pnl"
| #define PACKAGE_TARNAME "pnl"
| #define PACKAGE_VERSION "0.2.23"
| #define PACKAGE_STRING "pnl 0.2.23"
| #define PACKAGE_BUGREPORT ""
| #define PACKAGE_URL ""
| #define PACKAGE "pnl"
| #define VERSION "0.2.23"
| /* end confdefs.h.  */
| #include <ac_nonexistent.h>
configure:8033: checking for ANSI C header files
configure:8053: gcc -c  -g -fpermissive   -g -fpermissive  conftest.c >&5
cc1: warning: command line option '-fpermissive' is valid for C++/ObjC++ but not for C
configure:8053: $? = 0
cc1: warning: command line option '-fpermissive' is valid for C++/ObjC++ but not for C
cc1: warning: command line option '-fpermissive' is valid for C++/ObjC++ but not for C
configure:8126: gcc -o conftest  -g -fpermissive   -g -fpermissive   conftest.c  >&5
cc1: warning: command line option '-fpermissive' is valid for C++/ObjC++ but not for C
configure:8126: $? = 0
configure:8126: ./conftest
configure:8126: $? = 0
configure:8137: result: yes
configure:8150: checking for sys/types.h
configure:8150: gcc -c  -g -fpermissive   -g -fpermissive  conftest.c >&5
cc1: warning: command line option '-fpermissive' is valid for C++/ObjC++ but not for C
configure:8150: $? = 0
configure:8150: result: yes
configure:8150: checking for sys/stat.h
configure:8150: gcc -c  -g -fpermissive   -g -fpermissive  conftest.c >&5
cc1: warning: command line option '-fpermissive' is valid for C++/ObjC++ but not for C
configure:8150: $? = 0
configure:8150: result: yes
configure:8150: checking for stdlib.h
configure:8150: gcc -c  -g -fpermissive   -g -fpermissive  conftest.c >&5
cc1: warning: command line option '-fpermissive' is valid for C++/ObjC++ but not for C
configure:8150: $? = 0
configure:8150: result: yes
configure:8150: checking for string.h
configure:8150: gcc -c  -g -fpermissive   -g -fpermissive  conftest.c >&5
cc1: warning: command line option '-fpermissive' is valid for C++/ObjC++ but not for C
configure:8150: $? = 0
configure:8150: result: yes
configure:8150: checking for memory.h
configure:8150: gcc -c  -g -fpermissive   -g -fpermissive  conftest.c >&5
cc1: warning: command line option '-fpermissive' is valid for C++/ObjC++ but not for C
configure:8150: $? = 0
configure:8150: result: yes
configure:8150: checking for strings.h
configure:8150: gcc -c  -g -fpermissive   -g -fpermissive  conftest.c >&5
cc1: warning: command line option '-fpermissive' is valid for C++/ObjC++ but not for C
configure:8150: $? = 0
configure:8150: result: yes
configure:8150: checking for inttypes.h
configure:8150: gcc -c  -g -fpermissive   -g -fpermissive  conftest.c >&5
cc1: warning: command line option '-fpermissive' is valid for C++/ObjC++ but not for C
configure:8150: $? = 0
configure:8150: result: yes
configure:8150: checking for stdint.h
configure:8150: gcc -c  -g -fpermissive   -g -fpermissive  conftest.c >&5
cc1: warning: command line option '-fpermissive' is valid for C++/ObjC++ but not for C
configure:8150: $? = 0
configure:8150: result: yes
configure:8150: checking for unistd.h
configure:8150: gcc -c  -g -fpermissive   -g -fpermissive  conftest.c >&5
cc1: warning: command line option '-fpermissive' is valid for C++/ObjC++ but not for C
configure:8150: $? = 0
configure:8150: result: yes
configure:8164: checking for dlfcn.h
configure:8164: gcc -c  -g -fpermissive   -g -fpermissive  conftest.c >&5
cc1: warning: command line option '-fpermissive' is valid for C++/ObjC++ but not for C
configure:8164: $? = 0
configure:8164: result: yes
configure:8431: checking for objdir
configure:8446: result: .libs
configure:8706: checking if gcc supports -fno-rtti -fno-exceptions
configure:8724: gcc -c  -g -fpermissive   -g -fpermissive  -fno-rtti -fno-exceptions conftest.c >&5
cc1: warning: command line option '-fpermissive' is valid for C++/ObjC++ but not for C
cc1: warning: command line option '-fno-rtti' is valid for C++/ObjC++ but not for C
configure:8728: $? = 0
configure:8741: result: no
configure:9099: checking for gcc option to produce PIC
configure:9106: result: -fPIC -DPIC
configure:9114: checking if gcc PIC flag -fPIC -DPIC works
configure:9132: gcc -c  -g -fpermissive   -g -fpermissive  -fPIC -DPIC -DPIC conftest.c >&5
cc1: warning: command line option '-fpermissive' is valid for C++/ObjC++ but not for C
configure:9136: $? = 0
configure:9149: result: yes
configure:9178: checking if gcc static flag -static works
cc1: warning: command line option '-fpermissive' is valid for C++/ObjC++ but not for C
configure:9206: result: yes
configure:9221: checking if gcc supports -c -o file.o
configure:9242: gcc -c  -g -fpermissive   -g -fpermissive  -o out/conftest2.o conftest.c >&5
cc1: warning: command line option '-fpermissive' is valid for C++/ObjC++ but not for C
configure:9246: $? = 0
configure:9268: result: yes
configure:9276: checking if gcc supports -c -o file.o
configure:9323: result: yes
configure:9356: checking whether the gcc linker (/usr/bin/ld -m elf_x86_64) supports shared libraries
configure:10619: result: yes
configure:10656: checking whether -lc should be explicitly linked in
configure:10664: gcc -c  -g -fpermissive   -g -fpermissive  conftest.c >&5
cc1: warning: command line option '-fpermissive' is valid for C++/ObjC++ but not for C
configure:10667: $? = 0
configure:10682: gcc -shared  -fPIC -DPIC conftest.o  -v -Wl,-soname -Wl,conftest -o conftest 2\>\&1 \| /bin/grep  -lc  \>/dev/null 2\>\&1
configure:10685: $? = 0
configure:10699: result: no
configure:10859: checking dynamic linker characteristics
configure:11440: gcc -o conftest  -g -fpermissive   -g -fpermissive   -Wl,-rpath -Wl,/foo conftest.c  >&5
cc1: warning: command line option '-fpermissive' is valid for C++/ObjC++ but not for C
configure:11440: $? = 0
configure:11689: result: GNU/Linux ld.so
configure:11811: checking how to hardcode library paths into programs
configure:11836: result: immediate
configure:12384: checking whether stripping libraries is possible
configure:12389: result: yes
configure:12424: checking if libtool supports shared libraries
configure:12426: result: yes
configure:12429: checking whether to build shared libraries
configure:12454: result: yes
configure:12457: checking whether to build static libraries
configure:12461: result: yes
configure:12484: checking how to run the C++ preprocessor
configure:12511: g++ -E  -g -fpermissive  conftest.cpp
configure:12511: $? = 0
configure:12525: g++ -E  -g -fpermissive  conftest.cpp
conftest.cpp:23:28: fatal error: ac_nonexistent.h: No such file or directory
 #include <ac_nonexistent.h>
                            ^
compilation terminated.
configure:12525: $? = 1
configure: failed program was:
| /* confdefs.h */
| #define PACKAGE_NAME "pnl"
| #define PACKAGE_TARNAME "pnl"
| #define PACKAGE_VERSION "0.2.23"
| #define PACKAGE_STRING "pnl 0.2.23"
| #define PACKAGE_BUGREPORT ""
| #define PACKAGE_URL ""
| #define PACKAGE "pnl"
| #define VERSION "0.2.23"
| #define STDC_HEADERS 1
| #define HAVE_SYS_TYPES_H 1
| #define HAVE_SYS_STAT_H 1
| #define HAVE_STDLIB_H 1
| #define HAVE_STRING_H 1
| #define HAVE_MEMORY_H 1
| #define HAVE_STRINGS_H 1
| #define HAVE_INTTYPES_H 1
| #define HAVE_STDINT_H 1
| #define HAVE_UNISTD_H 1
| #define HAVE_DLFCN_H 1
| #define LT_OBJDIR ".libs/"
| /* end confdefs.h.  */
| #include <ac_nonexistent.h>
configure:12550: result: g++ -E
configure:12570: g++ -E  -g -fpermissive  conftest.cpp
configure:12570: $? = 0
configure:12584: g++ -E  -g -fpermissive  conftest.cpp
conftest.cpp:23:28: fatal error: ac_nonexistent.h: No such file or directory
 #include <ac_nonexistent.h>
                            ^
compilation terminated.
configure:12584: $? = 1
configure: failed program was:
| /* confdefs.h */
| #define PACKAGE_NAME "pnl"
| #define PACKAGE_TARNAME "pnl"
| #define PACKAGE_VERSION "0.2.23"
| #define PACKAGE_STRING "pnl 0.2.23"
| #define PACKAGE_BUGREPORT ""
| #define PACKAGE_URL ""
| #define PACKAGE "pnl"
| #define VERSION "0.2.23"
| #define STDC_HEADERS 1
| #define HAVE_SYS_TYPES_H 1
| #define HAVE_SYS_STAT_H 1
| #define HAVE_STDLIB_H 1
| #define HAVE_STRING_H 1
| #define HAVE_MEMORY_H 1
| #define HAVE_STRINGS_H 1
| #define HAVE_INTTYPES_H 1
| #define HAVE_STDINT_H 1
| #define HAVE_UNISTD_H 1
| #define HAVE_DLFCN_H 1
| #define LT_OBJDIR ".libs/"
| /* end confdefs.h.  */
| #include <ac_nonexistent.h>
configure:12746: checking for ld used by g++
configure:12813: result: /usr/bin/ld -m elf_x86_64
configure:12820: checking if the linker (/usr/bin/ld -m elf_x86_64) is GNU ld
configure:12835: result: yes
configure:12890: checking whether the g++ linker (/usr/bin/ld -m elf_x86_64) supports shared libraries
configure:13963: result: yes
configure:13999: g++ -c -g -fpermissive   -g -fpermissive  conftest.cpp >&5
configure:14002: $? = 0
configure:14483: checking for g++ option to produce PIC
configure:14490: result: -fPIC -DPIC
configure:14498: checking if g++ PIC flag -fPIC -DPIC works
configure:14516: g++ -c -g -fpermissive   -g -fpermissive  -fPIC -DPIC -DPIC conftest.cpp >&5
configure:14520: $? = 0
configure:14533: result: yes
configure:14556: checking if g++ static flag -static works
configure:14584: result: yes
configure:14596: checking if g++ supports -c -o file.o
configure:14617: g++ -c -g -fpermissive   -g -fpermissive  -o out/conftest2.o conftest.cpp >&5
configure:14621: $? = 0
configure:14643: result: yes
configure:14648: checking if g++ supports -c -o file.o
configure:14695: result: yes
configure:14725: checking whether the g++ linker (/usr/bin/ld -m elf_x86_64) supports shared libraries
configure:14768: result: yes
configure:14909: checking dynamic linker characteristics
configure:15666: result: GNU/Linux ld.so
configure:15731: checking how to hardcode library paths into programs
configure:15756: result: immediate
configure:15978: checking that generated files are newer than configure
configure:15984: result: done
configure:16015: creating ./config.status

## ---------------- ##
## Cache variables. ##
## ---------------- ##

ac_cv_build=x86_64-unknown-linux-gnu
ac_cv_c_compiler_gnu=yes
ac_cv_cxx_compiler_gnu=yes
ac_cv_env_CCC_set=
ac_cv_env_CCC_value=
ac_cv_env_CC_set=
ac_cv_env_CC_value=
ac_cv_env_CFLAGS_set=
ac_cv_env_CFLAGS_value=
ac_cv_env_CPPFLAGS_set=
ac_cv_env_CPPFLAGS_value=
ac_cv_env_CPP_set=
ac_cv_env_CPP_value=
ac_cv_env_CXXCPP_set=
ac_cv_env_CXXCPP_value=
ac_cv_env_CXXFLAGS_set=
ac_cv_env_CXXFLAGS_value=
ac_cv_env_CXX_set=
ac_cv_env_CXX_value=
ac_cv_env_LDFLAGS_set=
ac_cv_env_LDFLAGS_value=
ac_cv_env_LIBS_set=
ac_cv_env_LIBS_value=
ac_cv_env_LT_SYS_LIBRARY_PATH_set=
ac_cv_env_LT_SYS_LIBRARY_PATH_value=
ac_cv_env_build_alias_set=
ac_cv_env_build_alias_value=
ac_cv_env_host_alias_set=
ac_cv_env_host_alias_value=
ac_cv_env_target_alias_set=
ac_cv_env_target_alias_value=
ac_cv_header_dlfcn_h=yes
ac_cv_header_inttypes_h=yes
ac_cv_header_memory_h=yes
ac_cv_header_stdc=yes
ac_cv_header_stdint_h=yes
ac_cv_header_stdlib_h=yes
ac_cv_header_string_h=yes
ac_cv_header_strings_h=yes
ac_cv_header_sys_stat_h=yes
ac_cv_header_sys_types_h=yes
ac_cv_header_unistd_h=yes
ac_cv_host=x86_64-unknown-linux-gnu
ac_cv_objext=o
ac_cv_path_EGREP='/bin/grep -E'
ac_cv_path_FGREP='/bin/grep -F'
ac_cv_path_GREP=/bin/grep
ac_cv_path_SED=/bin/sed
ac_cv_path_install='/usr/bin/install -c'
ac_cv_path_lt_DD=/bin/dd
ac_cv_path_mkdir=/bin/mkdir
ac_cv_prog_AWK=mawk
ac_cv_prog_CPP='gcc -E'
ac_cv_prog_CXXCPP='g++ -E'
ac_cv_prog_ac_ct_AR=ar
ac_cv_prog_ac_ct_CC=gcc
ac_cv_prog_ac_ct_CXX=g++
ac_cv_prog_ac_ct_MANIFEST_TOOL=mt
ac_cv_prog_ac_ct_OBJDUMP=objdump
ac_cv_prog_ac_ct_RANLIB=ranlib
ac_cv_prog_ac_ct_STRIP=strip
ac_cv_prog_cc_c89=
ac_cv_prog_cc_g=yes
ac_cv_prog_cxx_g=yes
ac_cv_prog_make_make_set=yes
ac_cv_target=x86_64-unknown-linux-gnu
am_cv_CC_dependencies_compiler_type=gcc3
am_cv_CXX_dependencies_compiler_type=gcc3
am_cv_make_support_nested_variables=yes
am_cv_prog_cc_c_o=yes
lt_cv_ar_at_file=@
lt_cv_archive_cmds_need_lc=no
lt_cv_deplibs_check_method=pass_all
lt_cv_file_magic_cmd='$MAGIC_CMD'
lt_cv_file_magic_test_file=
lt_cv_ld_reload_flag=-r
lt_cv_nm_interface='BSD nm'
lt_cv_objdir=.libs
lt_cv_path_LD=/usr/bin/ld
lt_cv_path_LDCXX='/usr/bin/ld -m elf_x86_64'
lt_cv_path_NM='/usr/bin/nm -B'
lt_cv_path_mainfest_tool=no
lt_cv_prog_compiler_c_o=yes
lt_cv_prog_compiler_c_o_CXX=yes
lt_cv_prog_compiler_pic='-fPIC -DPIC'
lt_cv_prog_compiler_pic_CXX='-fPIC -DPIC'
lt_cv_prog_compiler_pic_works=yes
lt_cv_prog_compiler_pic_works_CXX=yes
lt_cv_prog_compiler_rtti_exceptions=no
lt_cv_prog_compiler_static_works=yes
lt_cv_prog_compiler_static_works_CXX=yes
lt_cv_prog_gnu_ld=yes
lt_cv_prog_gnu_ldcxx=yes
lt_cv_sharedlib_from_linklib_cmd='printf %s\n'
lt_cv_shlibpath_overrides_runpath=no
lt_cv_sys_global_symbol_pipe='sed -n -e '\''s/^.*[	 ]\([ABCDGIRSTW][ABCDGIRSTW]*\)[	 ][	 ]*\([_A-Za-z][_A-Za-z0-9]*\)$/\1 \2 \2/p'\'' | sed '\''/ __gnu_lto/d'\'''
lt_cv_sys_global_symbol_to_c_name_address='sed -n -e '\''s/^: \(.*\) .*$/  {"\1", (void *) 0},/p'\'' -e '\''s/^[ABCDGIRSTW][ABCDGIRSTW]* .* \(.*\)$/  {"\1", (void *) \&\1},/p'\'''
lt_cv_sys_global_symbol_to_c_name_address_lib_prefix='sed -n -e '\''s/^: \(.*\) .*$/  {"\1", (void *) 0},/p'\'' -e '\''s/^[ABCDGIRSTW][ABCDGIRSTW]* .* \(lib.*\)$/  {"\1", (void *) \&\1},/p'\'' -e '\''s/^[ABCDGIRSTW][ABCDGIRSTW]* .* \(.*\)$/  {"lib\1", (void *) \&\1},/p'\'''
lt_cv_sys_global_symbol_to_cdecl='sed -n -e '\''s/^T .* \(.*\)$/extern int \1();/p'\'' -e '\''s/^[ABCDGIRSTW][ABCDGIRSTW]* .* \(.*\)$/extern char \1;/p'\'''
lt_cv_sys_global_symbol_to_import=
lt_cv_sys_max_cmd_len=1572864
lt_cv_to_host_file_cmd=func_convert_file_noop
lt_cv_to_tool_file_cmd=func_convert_file_noop
lt_cv_truncate_bin='/bin/dd bs=4096 count=1'

## ----------------- ##
## Output variables. ##
## ----------------- ##

ACLOCAL='aclocal-1.15'
AMDEPBACKSLASH='\'
AMDEP_FALSE='#'
AMDEP_TRUE=''
AMTAR='$${TAR-tar}'
AM_BACKSLASH='\'
AM_DEFAULT_V='$(AM_DEFAULT_VERBOSITY)'
AM_DEFAULT_VERBOSITY='1'
AM_V='$(V)'
AR='ar'
AUTOCONF='autoconf'
AUTOHEADER='autoheader'
AUTOMAKE='automake-1.15'
AWK='mawk'
BINARY_AGE='0'
CC='gcc'
CCDEPMODE='depmode=gcc3'
CFLAGS=' -g -fpermissive '
CPP='gcc -E'
CPPFLAGS=' -g -fpermissive '
CXX='g++'
CXXCPP='g++ -E'
CXXDEPMODE='depmode=gcc3'
CXXFLAGS='-g -fpermissive '
CYGPATH_W='echo'
DEBUG=''
DEFS='-DPACKAGE_NAME=\"pnl\" -DPACKAGE_TARNAME=\"pnl\" -DPACKAGE_VERSION=\"0.2.23\" -DPACKAGE_STRING=\"pnl\ 0.2.23\" -DPACKAGE_BUGREPORT=\"\" -DPACKAGE_URL=\"\" -DPACKAGE=\"pnl\" -DVERSION=\"0.2.23\" -DSTDC_HEADERS=1 -DHAVE_SYS_TYPES_H=1 -DHAVE_SYS_STAT_H=1 -DHAVE_STDLIB_H=1 -DHAVE_STRING_H=1 -DHAVE_MEMORY_H=1 -DHAVE_STRINGS_H=1 -DHAVE_INTTYPES_H=1 -DHAVE_STDINT_H=1 -DHAVE_UNISTD_H=1 -DHAVE_DLFCN_H=1 -DLT_OBJDIR=\".libs/\"'
DEPDIR='.deps'
DLLTOOL='false'
DSYMUTIL=''
DUMPBIN=''
ECHO_C=''
ECHO_N='-n'
ECHO_T=''
EGREP='/bin/grep -E'
EXEEXT=''
FGREP='/bin/grep -F'
GREP='/bin/grep'
INSTALL_DATA='${INSTALL} -m 644'
INSTALL_PROGRAM='${INSTALL}'
INSTALL_SCRIPT='${INSTALL}'
INSTALL_STRIP_PROGRAM='$(install_sh) -c -s'
INTERFACE_AGE='0'
LD='/usr/bin/ld -m elf_x86_64'
LDFLAGS=''
LIBOBJS=''
LIBS=''
LIBTOOL='$(SHELL) $(top_builddir)/libtool'
LIPO=''
LN_S='ln -s'
LTLIBOBJS=''
LT_AGE='0'
LT_CURRENT='23'
LT_RELEASE='0.2'
LT_REVISION='0'
LT_SYS_LIBRARY_PATH=''
MAINT='#'
MAINTAINER_MODE_FALSE=''
MAINTAINER_MODE_TRUE='#'
MAKEINFO='makeinfo'
MANIFEST_TOOL=':'
MKDIR_P='/bin/mkdir -p'
NM='/usr/bin/nm -B'
NMEDIT=''
OBJDUMP='objdump'
OBJEXT='o'
OTOOL64=''
OTOOL=''
PACKAGE='pnl'
PACKAGE_BUGREPORT=''
PACKAGE_NAME='pnl'
PACKAGE_STRING='pnl 0.2.23'
PACKAGE_TARNAME='pnl'
PACKAGE_URL=''
PACKAGE_VERSION='0.2.23'
PATH_SEPARATOR=':'
PNLMAJOR='0'
PNLMINOR='2'
PNLSUBMINOR='23'
RANLIB='ranlib'
SED='/bin/sed'
SET_MAKE=''
SHELL='/bin/bash'
STRIP='strip'
VERSION='0.2.23'
ac_ct_AR='ar'
ac_ct_CC='gcc'
ac_ct_CXX='g++'
ac_ct_DUMPBIN=''
am__EXEEXT_FALSE=''
am__EXEEXT_TRUE='#'
am__configure_deps=''
am__fastdepCC_FALSE='#'
am__fastdepCC_TRUE=''
am__fastdepCXX_FALSE='#'
am__fastdepCXX_TRUE=''
am__include='include'
am__isrc=''
am__leading_dot='.'
am__nodep='_no'
am__quote=''
am__tar='$${TAR-tar} chof - "$$tardir"'
am__untar='$${TAR-tar} xf -'
bindir='${exec_prefix}/bin'
build='x86_64-unknown-linux-gnu'
build_alias=''
build_cpu='x86_64'
build_os='linux-gnu'
build_vendor='unknown'
datadir='${datarootdir}'
datarootdir='${prefix}/share'
docdir='${datarootdir}/doc/${PACKAGE_TARNAME}'
dvidir='${docdir}'
exec_prefix='${prefix}'
host='x86_64-unknown-linux-gnu'
host_alias=''
host_cpu='x86_64'
host_os='linux-gnu'
host_vendor='unknown'
htmldir='${docdir}'
includedir='${prefix}/include'
infodir='${datarootdir}/info'
install_sh='${SHELL} /home/quax/Projects/OpenPNL2/install-sh'
libdir='${exec_prefix}/lib'
libexecdir='${exec_prefix}/libexec'
localedir='${datarootdir}/locale'
localstatedir='${prefix}/var'
mandir='${datarootdir}/man'
mkdir_p='$(MKDIR_P)'
oldincludedir='/usr/include'
pdfdir='${docdir}'
prefix='/usr/local'
program_transform_name='s,x,x,'
psdir='${docdir}'
runstatedir='${localstatedir}/run'
sbindir='${exec_prefix}/sbin'
sharedstatedir='${prefix}/com'
sysconfdir='${prefix}/etc'
target='x86_64-unknown-linux-gnu'
target_alias=''
target_cpu='x86_64'
target_os='linux-gnu'
target_vendor='unknown'

## ----------- ##
## confdefs.h. ##
## ----------- ##

/* confdefs.h */
#define PACKAGE_NAME "pnl"
#define PACKAGE_TARNAME "pnl"
#define PACKAGE_VERSION "0.2.23"
#define PACKAGE_STRING "pnl 0.2.23"
#define PACKAGE_BUGREPORT ""
#define PACKAGE_URL ""
#define PACKAGE "pnl"
#define VERSION "0.2.23"
#define STDC_HEADERS 1
#define HAVE_SYS_TYPES_H 1
#define HAVE_SYS_STAT_H 1
#define HAVE_STDLIB_H 1
#define HAVE_STRING_H 1
#define HAVE_MEMORY_H 1
#define HAVE_STRINGS_H 1
#define HAVE_INTTYPES_H 1
#define HAVE_STDINT_H 1
#define HAVE_UNISTD_H 1
#define HAVE_DLFCN_H 1
#define LT_OBJDIR ".libs/"

configure: exit 0

## ---------------------- ##
## Running config.status. ##
## ---------------------- ##

This file was extended by pnl config.status 0.2.23, which was
generated by GNU Autoconf 2.69.  Invocation command line was

  CONFIG_FILES    = 
  CONFIG_HEADERS  = 
  CONFIG_LINKS    = 
  CONFIG_COMMANDS = 
  $ ./config.status 

on quax-E6410

config.status:1138: creating Makefile
config.status:1138: creating cxcore/Makefile
config.status:1138: creating cxcore/cxcore/Makefile
config.status:1138: creating cxcore/cxcore/src/Makefile
config.status:1138: creating cxcore/cxcore/include/Makefile
config.status:1138: creating trs/Makefile
config.status:1138: creating trs/src/Makefile
config.status:1138: creating trs/include/Makefile
config.status:1138: creating c_pgmtk/Makefile
config.status:1138: creating c_pgmtk/src/Makefile
config.status:1138: creating c_pgmtk/src/include/Makefile
config.status:1138: creating c_pgmtk/include/Makefile
config.status:1138: creating c_pgmtk/examples/Makefile
config.status:1138: creating c_pgmtk/examples/linux_test/Makefile
config.status:1138: creating c_pgmtk/examples/testSL/Makefile
config.status:1138: creating c_pgmtk/examples/use_matrix/Makefile
config.status:1138: creating c_pgmtk/examples/use_matrix/src/Makefile
config.status:1138: creating c_pgmtk/examples/Data/Makefile
config.status:1138: creating c_pgmtk/examples/ex_inf_learn_dbn/Makefile
config.status:1138: creating c_pgmtk/examples/ex_param/Makefile
config.status:1138: creating c_pgmtk/examples/gibbs/Makefile
config.status:1138: creating c_pgmtk/examples/inf_learn_bnet/Makefile
config.status:1138: creating c_pgmtk/examples/learn_param/Makefile
config.status:1138: creating c_pgmtk/examples/mixture_gaussian_bnet/Makefile
config.status:1138: creating c_pgmtk/examples/trial/Makefile
config.status:1138: creating c_pgmtk/examples/ex_inf_learn_dbn/src/Makefile
config.status:1138: creating c_pgmtk/examples/ex_param/Src/Makefile
config.status:1138: creating c_pgmtk/examples/gibbs/Src/Makefile
config.status:1138: creating c_pgmtk/examples/inf_learn_bnet/Src/Makefile
config.status:1138: creating c_pgmtk/examples/learn_param/src/Makefile
config.status:1138: creating c_pgmtk/examples/mixture_gaussian_bnet/Src/Makefile
config.status:1138: creating c_pgmtk/examples/trial/Src/Makefile
config.status:1138: creating c_pgmtk/examples/parPNLTest/Makefile
config.status:1138: creating c_pgmtk/examples/parPNLTest/src/Makefile
config.status:1138: creating c_pgmtk/examples/parPNLTest/include/Makefile
config.status:1138: creating c_pgmtk/examples/testLIMID/Makefile
config.status:1138: creating c_pgmtk/examples/testLIMID/src/Makefile
config.status:1138: creating c_pgmtk/examples/testLIMID/include/Makefile
config.status:1138: creating c_pgmtk/examples/testSoftMax/Makefile
config.status:1138: creating c_pgmtk/examples/testSoftMax/src/Makefile
config.status:1138: creating c_pgmtk/examples/testSoftMax/include/Makefile
config.status:1138: creating c_pgmtk/tests/Makefile
config.status:1138: creating c_pgmtk/tests/src/Makefile
config.status:1138: creating c_pgmtk/tests/include/Makefile
config.status:1138: creating c_pgmtk/tests/testdata/Makefile
config.status:1138: creating doc/Makefile
config.status:1138: creating high/Makefile
config.status:1138: creating high/source/Makefile
config.status:1138: creating high/include/Makefile
config.status:1138: creating high/examples/Makefile
config.status:1138: creating high/tests/Makefile
config.status:1138: creating high/doc/Makefile
config.status:1310: executing depfiles commands
config.status:1310: executing libtool commands
