Making all in cxcore
make[1]: Entering directory '/home/quax/Projects/OpenPNL/OpenPNL/cxcore'
Making all in cxcore
make[2]: Entering directory '/home/quax/Projects/OpenPNL/OpenPNL/cxcore/cxcore'
Making all in src
make[3]: Entering directory '/home/quax/Projects/OpenPNL/OpenPNL/cxcore/cxcore/src'
g++ -DPACKAGE_NAME=\"pnl\" -DPACKAGE_TARNAME=\"pnl\" -DPACKAGE_VERSION=\"0.2.23\" -DPACKAGE_STRING=\"pnl\ 0.2.23\" -DPACKAGE_BUGREPORT=\"\" -DPACKAGE=\"pnl\" -DVERSION=\"0.2.23\" -DSTDC_HEADERS=1 -DHAVE_SYS_TYPES_H=1 -DHAVE_SYS_STAT_H=1 -DHAVE_STDLIB_H=1 -DHAVE_STRING_H=1 -DHAVE_MEMORY_H=1 -DHAVE_STRINGS_H=1 -DHAVE_INTTYPES_H=1 -DHAVE_STDINT_H=1 -DHAVE_UNISTD_H=1 -DHAVE_DLFCN_H=1 -I. -I. -I./../include    -g -O2 -MT cxarithm.o -MD -MP -MF .deps/cxarithm.Tpo -c -o cxarithm.o cxarithm.cpp
mv -f .deps/cxarithm.Tpo .deps/cxarithm.Po
g++ -DPACKAGE_NAME=\"pnl\" -DPACKAGE_TARNAME=\"pnl\" -DPACKAGE_VERSION=\"0.2.23\" -DPACKAGE_STRING=\"pnl\ 0.2.23\" -DPACKAGE_BUGREPORT=\"\" -DPACKAGE=\"pnl\" -DVERSION=\"0.2.23\" -DSTDC_HEADERS=1 -DHAVE_SYS_TYPES_H=1 -DHAVE_SYS_STAT_H=1 -DHAVE_STDLIB_H=1 -DHAVE_STRING_H=1 -DHAVE_MEMORY_H=1 -DHAVE_STRINGS_H=1 -DHAVE_INTTYPES_H=1 -DHAVE_STDINT_H=1 -DHAVE_UNISTD_H=1 -DHAVE_DLFCN_H=1 -I. -I. -I./../include    -g -O2 -MT cxarray.o -MD -MP -MF .deps/cxarray.Tpo -c -o cxarray.o cxarray.cpp
mv -f .deps/cxarray.Tpo .deps/cxarray.Po
g++ -DPACKAGE_NAME=\"pnl\" -DPACKAGE_TARNAME=\"pnl\" -DPACKAGE_VERSION=\"0.2.23\" -DPACKAGE_STRING=\"pnl\ 0.2.23\" -DPACKAGE_BUGREPORT=\"\" -DPACKAGE=\"pnl\" -DVERSION=\"0.2.23\" -DSTDC_HEADERS=1 -DHAVE_SYS_TYPES_H=1 -DHAVE_SYS_STAT_H=1 -DHAVE_STDLIB_H=1 -DHAVE_STRING_H=1 -DHAVE_MEMORY_H=1 -DHAVE_STRINGS_H=1 -DHAVE_INTTYPES_H=1 -DHAVE_STDINT_H=1 -DHAVE_UNISTD_H=1 -DHAVE_DLFCN_H=1 -I. -I. -I./../include    -g -O2 -MT cxcmp.o -MD -MP -MF .deps/cxcmp.Tpo -c -o cxcmp.o cxcmp.cpp
mv -f .deps/cxcmp.Tpo .deps/cxcmp.Po
g++ -DPACKAGE_NAME=\"pnl\" -DPACKAGE_TARNAME=\"pnl\" -DPACKAGE_VERSION=\"0.2.23\" -DPACKAGE_STRING=\"pnl\ 0.2.23\" -DPACKAGE_BUGREPORT=\"\" -DPACKAGE=\"pnl\" -DVERSION=\"0.2.23\" -DSTDC_HEADERS=1 -DHAVE_SYS_TYPES_H=1 -DHAVE_SYS_STAT_H=1 -DHAVE_STDLIB_H=1 -DHAVE_STRING_H=1 -DHAVE_MEMORY_H=1 -DHAVE_STRINGS_H=1 -DHAVE_INTTYPES_H=1 -DHAVE_STDINT_H=1 -DHAVE_UNISTD_H=1 -DHAVE_DLFCN_H=1 -I. -I. -I./../include    -g -O2 -MT cxconvert.o -MD -MP -MF .deps/cxconvert.Tpo -c -o cxconvert.o cxconvert.cpp
mv -f .deps/cxconvert.Tpo .deps/cxconvert.Po
g++ -DPACKAGE_NAME=\"pnl\" -DPACKAGE_TARNAME=\"pnl\" -DPACKAGE_VERSION=\"0.2.23\" -DPACKAGE_STRING=\"pnl\ 0.2.23\" -DPACKAGE_BUGREPORT=\"\" -DPACKAGE=\"pnl\" -DVERSION=\"0.2.23\" -DSTDC_HEADERS=1 -DHAVE_SYS_TYPES_H=1 -DHAVE_SYS_STAT_H=1 -DHAVE_STDLIB_H=1 -DHAVE_STRING_H=1 -DHAVE_MEMORY_H=1 -DHAVE_STRINGS_H=1 -DHAVE_INTTYPES_H=1 -DHAVE_STDINT_H=1 -DHAVE_UNISTD_H=1 -DHAVE_DLFCN_H=1 -I. -I. -I./../include    -g -O2 -MT cxcopy.o -MD -MP -MF .deps/cxcopy.Tpo -c -o cxcopy.o cxcopy.cpp
mv -f .deps/cxcopy.Tpo .deps/cxcopy.Po
g++ -DPACKAGE_NAME=\"pnl\" -DPACKAGE_TARNAME=\"pnl\" -DPACKAGE_VERSION=\"0.2.23\" -DPACKAGE_STRING=\"pnl\ 0.2.23\" -DPACKAGE_BUGREPORT=\"\" -DPACKAGE=\"pnl\" -DVERSION=\"0.2.23\" -DSTDC_HEADERS=1 -DHAVE_SYS_TYPES_H=1 -DHAVE_SYS_STAT_H=1 -DHAVE_STDLIB_H=1 -DHAVE_STRING_H=1 -DHAVE_MEMORY_H=1 -DHAVE_STRINGS_H=1 -DHAVE_INTTYPES_H=1 -DHAVE_STDINT_H=1 -DHAVE_UNISTD_H=1 -DHAVE_DLFCN_H=1 -I. -I. -I./../include    -g -O2 -MT cxdatastructs.o -MD -MP -MF .deps/cxdatastructs.Tpo -c -o cxdatastructs.o cxdatastructs.cpp
mv -f .deps/cxdatastructs.Tpo .deps/cxdatastructs.Po
g++ -DPACKAGE_NAME=\"pnl\" -DPACKAGE_TARNAME=\"pnl\" -DPACKAGE_VERSION=\"0.2.23\" -DPACKAGE_STRING=\"pnl\ 0.2.23\" -DPACKAGE_BUGREPORT=\"\" -DPACKAGE=\"pnl\" -DVERSION=\"0.2.23\" -DSTDC_HEADERS=1 -DHAVE_SYS_TYPES_H=1 -DHAVE_SYS_STAT_H=1 -DHAVE_STDLIB_H=1 -DHAVE_STRING_H=1 -DHAVE_MEMORY_H=1 -DHAVE_STRINGS_H=1 -DHAVE_INTTYPES_H=1 -DHAVE_STDINT_H=1 -DHAVE_UNISTD_H=1 -DHAVE_DLFCN_H=1 -I. -I. -I./../include    -g -O2 -MT cxdrawing.o -MD -MP -MF .deps/cxdrawing.Tpo -c -o cxdrawing.o cxdrawing.cpp
mv -f .deps/cxdrawing.Tpo .deps/cxdrawing.Po
g++ -DPACKAGE_NAME=\"pnl\" -DPACKAGE_TARNAME=\"pnl\" -DPACKAGE_VERSION=\"0.2.23\" -DPACKAGE_STRING=\"pnl\ 0.2.23\" -DPACKAGE_BUGREPORT=\"\" -DPACKAGE=\"pnl\" -DVERSION=\"0.2.23\" -DSTDC_HEADERS=1 -DHAVE_SYS_TYPES_H=1 -DHAVE_SYS_STAT_H=1 -DHAVE_STDLIB_H=1 -DHAVE_STRING_H=1 -DHAVE_MEMORY_H=1 -DHAVE_STRINGS_H=1 -DHAVE_INTTYPES_H=1 -DHAVE_STDINT_H=1 -DHAVE_UNISTD_H=1 -DHAVE_DLFCN_H=1 -I. -I. -I./../include    -g -O2 -MT cxdxt.o -MD -MP -MF .deps/cxdxt.Tpo -c -o cxdxt.o cxdxt.cpp
mv -f .deps/cxdxt.Tpo .deps/cxdxt.Po
g++ -DPACKAGE_NAME=\"pnl\" -DPACKAGE_TARNAME=\"pnl\" -DPACKAGE_VERSION=\"0.2.23\" -DPACKAGE_STRING=\"pnl\ 0.2.23\" -DPACKAGE_BUGREPORT=\"\" -DPACKAGE=\"pnl\" -DVERSION=\"0.2.23\" -DSTDC_HEADERS=1 -DHAVE_SYS_TYPES_H=1 -DHAVE_SYS_STAT_H=1 -DHAVE_STDLIB_H=1 -DHAVE_STRING_H=1 -DHAVE_MEMORY_H=1 -DHAVE_STRINGS_H=1 -DHAVE_INTTYPES_H=1 -DHAVE_STDINT_H=1 -DHAVE_UNISTD_H=1 -DHAVE_DLFCN_H=1 -I. -I. -I./../include    -g -O2 -MT cxerror.o -MD -MP -MF .deps/cxerror.Tpo -c -o cxerror.o cxerror.cpp
mv -f .deps/cxerror.Tpo .deps/cxerror.Po
g++ -DPACKAGE_NAME=\"pnl\" -DPACKAGE_TARNAME=\"pnl\" -DPACKAGE_VERSION=\"0.2.23\" -DPACKAGE_STRING=\"pnl\ 0.2.23\" -DPACKAGE_BUGREPORT=\"\" -DPACKAGE=\"pnl\" -DVERSION=\"0.2.23\" -DSTDC_HEADERS=1 -DHAVE_SYS_TYPES_H=1 -DHAVE_SYS_STAT_H=1 -DHAVE_STDLIB_H=1 -DHAVE_STRING_H=1 -DHAVE_MEMORY_H=1 -DHAVE_STRINGS_H=1 -DHAVE_INTTYPES_H=1 -DHAVE_STDINT_H=1 -DHAVE_UNISTD_H=1 -DHAVE_DLFCN_H=1 -I. -I. -I./../include    -g -O2 -MT cximage.o -MD -MP -MF .deps/cximage.Tpo -c -o cximage.o cximage.cpp
mv -f .deps/cximage.Tpo .deps/cximage.Po
g++ -DPACKAGE_NAME=\"pnl\" -DPACKAGE_TARNAME=\"pnl\" -DPACKAGE_VERSION=\"0.2.23\" -DPACKAGE_STRING=\"pnl\ 0.2.23\" -DPACKAGE_BUGREPORT=\"\" -DPACKAGE=\"pnl\" -DVERSION=\"0.2.23\" -DSTDC_HEADERS=1 -DHAVE_SYS_TYPES_H=1 -DHAVE_SYS_STAT_H=1 -DHAVE_STDLIB_H=1 -DHAVE_STRING_H=1 -DHAVE_MEMORY_H=1 -DHAVE_STRINGS_H=1 -DHAVE_INTTYPES_H=1 -DHAVE_STDINT_H=1 -DHAVE_UNISTD_H=1 -DHAVE_DLFCN_H=1 -I. -I. -I./../include    -g -O2 -MT cxjacobieigens.o -MD -MP -MF .deps/cxjacobieigens.Tpo -c -o cxjacobieigens.o cxjacobieigens.cpp
mv -f .deps/cxjacobieigens.Tpo .deps/cxjacobieigens.Po
g++ -DPACKAGE_NAME=\"pnl\" -DPACKAGE_TARNAME=\"pnl\" -DPACKAGE_VERSION=\"0.2.23\" -DPACKAGE_STRING=\"pnl\ 0.2.23\" -DPACKAGE_BUGREPORT=\"\" -DPACKAGE=\"pnl\" -DVERSION=\"0.2.23\" -DSTDC_HEADERS=1 -DHAVE_SYS_TYPES_H=1 -DHAVE_SYS_STAT_H=1 -DHAVE_STDLIB_H=1 -DHAVE_STRING_H=1 -DHAVE_MEMORY_H=1 -DHAVE_STRINGS_H=1 -DHAVE_INTTYPES_H=1 -DHAVE_STDINT_H=1 -DHAVE_UNISTD_H=1 -DHAVE_DLFCN_H=1 -I. -I. -I./../include    -g -O2 -MT cxlogic.o -MD -MP -MF .deps/cxlogic.Tpo -c -o cxlogic.o cxlogic.cpp
mv -f .deps/cxlogic.Tpo .deps/cxlogic.Po
g++ -DPACKAGE_NAME=\"pnl\" -DPACKAGE_TARNAME=\"pnl\" -DPACKAGE_VERSION=\"0.2.23\" -DPACKAGE_STRING=\"pnl\ 0.2.23\" -DPACKAGE_BUGREPORT=\"\" -DPACKAGE=\"pnl\" -DVERSION=\"0.2.23\" -DSTDC_HEADERS=1 -DHAVE_SYS_TYPES_H=1 -DHAVE_SYS_STAT_H=1 -DHAVE_STDLIB_H=1 -DHAVE_STRING_H=1 -DHAVE_MEMORY_H=1 -DHAVE_STRINGS_H=1 -DHAVE_INTTYPES_H=1 -DHAVE_STDINT_H=1 -DHAVE_UNISTD_H=1 -DHAVE_DLFCN_H=1 -I. -I. -I./../include    -g -O2 -MT cxlut.o -MD -MP -MF .deps/cxlut.Tpo -c -o cxlut.o cxlut.cpp
mv -f .deps/cxlut.Tpo .deps/cxlut.Po
g++ -DPACKAGE_NAME=\"pnl\" -DPACKAGE_TARNAME=\"pnl\" -DPACKAGE_VERSION=\"0.2.23\" -DPACKAGE_STRING=\"pnl\ 0.2.23\" -DPACKAGE_BUGREPORT=\"\" -DPACKAGE=\"pnl\" -DVERSION=\"0.2.23\" -DSTDC_HEADERS=1 -DHAVE_SYS_TYPES_H=1 -DHAVE_SYS_STAT_H=1 -DHAVE_STDLIB_H=1 -DHAVE_STRING_H=1 -DHAVE_MEMORY_H=1 -DHAVE_STRINGS_H=1 -DHAVE_INTTYPES_H=1 -DHAVE_STDINT_H=1 -DHAVE_UNISTD_H=1 -DHAVE_DLFCN_H=1 -I. -I. -I./../include    -g -O2 -MT cxmathfuncs.o -MD -MP -MF .deps/cxmathfuncs.Tpo -c -o cxmathfuncs.o cxmathfuncs.cpp
Makefile:350: recipe for target 'cxmathfuncs.o' failed
make[3]: Leaving directory '/home/quax/Projects/OpenPNL/OpenPNL/cxcore/cxcore/src'
Makefile:224: recipe for target 'all-recursive' failed
make[2]: Leaving directory '/home/quax/Projects/OpenPNL/OpenPNL/cxcore/cxcore'
Makefile:224: recipe for target 'all-recursive' failed
make[1]: Leaving directory '/home/quax/Projects/OpenPNL/OpenPNL/cxcore'
Makefile:256: recipe for target 'all-recursive' failed
